<?xml version="1.0" encoding="UTF-8"?>
<!-- Generated by org.testng.reporters.JUnitReportReporter -->
<testsuite hostname="DESKTOP-AV6MM5J" failures="0" tests="3" name="com.qa.selltistest.createaccount" time="41.643" errors="0" timestamp="2023-10-09T17:22:14 IST" skipped="0">
  <testcase classname="com.qa.selltistest.createaccount" name="setUp" time="34.239"/>
  <system-out/>
  <testcase classname="com.qa.selltistest.createaccount" name="clickonaccount" time="2.130"/>
  <system-out/>
  <testcase classname="com.qa.selltistest.createaccount" name="createanaccount" time="5.274"/>
  <system-out/>
</testsuite> <!-- com.qa.selltistest.createaccount -->
