<?xml version="1.0" encoding="UTF-8"?>
<!-- Generated by org.testng.reporters.JUnitReportReporter -->
<testsuite hostname="DESKTOP-AV6MM5J" failures="0" tests="2" name="com.qa.selltistest.createproject" time="123.049" errors="0" timestamp="2023-07-28T10:47:23 IST" skipped="0">
  <testcase classname="com.qa.selltistest.createproject" name="setUp" time="37.385"/>
  <system-out/>
  <testcase classname="com.qa.selltistest.createproject" name="clickonproject" time="85.664"/>
  <system-out/>
</testsuite> <!-- com.qa.selltistest.createproject -->
