<?xml version="1.0" encoding="UTF-8"?>
<!-- Generated by org.testng.reporters.JUnitReportReporter -->
<testsuite hostname="DESKTOP-AV6MM5J" failures="0" tests="2" name="com.qa.selltistest.createactivity" time="100.831" errors="0" timestamp="2023-07-31T15:31:41 IST" skipped="0">
  <testcase classname="com.qa.selltistest.createactivity" name="setUp" time="34.275"/>
  <system-out/>
  <testcase classname="com.qa.selltistest.createactivity" name="clickactivity" time="66.556"/>
  <system-out/>
</testsuite> <!-- com.qa.selltistest.createactivity -->
