<?xml version="1.0" encoding="UTF-8"?>
<!-- Generated by org.testng.reporters.JUnitReportReporter -->
<testsuite hostname="DESKTOP-AV6MM5J" failures="0" tests="2" name="com.qa.selltistest.createcalendar" time="75.883" errors="0" timestamp="2023-07-31T15:31:41 IST" skipped="0">
  <testcase classname="com.qa.selltistest.createcalendar" name="setUp" time="3.157"/>
  <system-out/>
  <testcase classname="com.qa.selltistest.createcalendar" name="clickoncalendar" time="72.726"/>
  <system-out/>
</testsuite> <!-- com.qa.selltistest.createcalendar -->
