<?xml version="1.0" encoding="UTF-8"?>
<!-- Generated by org.testng.reporters.JUnitReportReporter -->
<testsuite hostname="DESKTOP-AV6MM5J" failures="0" tests="1" name="com.qa.selltistest.Login" time="35.071" errors="0" timestamp="2023-10-06T15:47:03 IST" skipped="0">
  <testcase classname="com.qa.selltistest.Login" name="logintoapp" time="35.071"/>
  <system-out/>
</testsuite> <!-- com.qa.selltistest.Login -->
