<?xml version="1.0" encoding="UTF-8"?>
<!-- Generated by org.testng.reporters.JUnitReportReporter -->
<testsuite hostname="DESKTOP-AV6MM5J" failures="0" tests="2" name="com.qa.selltistest.createtask" time="90.620" errors="0" timestamp="2023-07-26T16:24:29 IST" skipped="0">
  <testcase classname="com.qa.selltistest.createtask" name="setUp" time="33.271"/>
  <system-out/>
  <testcase classname="com.qa.selltistest.createtask" name="clickontask" time="57.349"/>
  <system-out/>
</testsuite> <!-- com.qa.selltistest.createtask -->
