<?xml version="1.0" encoding="UTF-8"?>
<!-- Generated by org.testng.reporters.JUnitReportReporter -->
<testsuite hostname="DESKTOP-AV6MM5J" failures="0" tests="2" name="com.qa.selltistest.createopportunity" time="0.000" errors="0" timestamp="2023-10-04T10:56:14 IST" skipped="2">
  <testcase classname="com.qa.selltistest.createopportunity" name="setUp" time="0.000">
    <skipped/>
  </testcase> <!-- setUp -->
  <system-out/>
  <testcase classname="com.qa.selltistest.createopportunity" name="clickopportunity" time="0.000">
    <skipped/>
  </testcase> <!-- clickopportunity -->
  <system-out/>
</testsuite> <!-- com.qa.selltistest.createopportunity -->
